{"/home/tanmoy/Desktop/OnparLabsBE/middleware/getAdmin.js": {"path":"/home/tanmoy/Desktop/OnparLabsBE/middleware/getAdmin.js","statementMap":{"0":{"start":{"line":1,"column":14},"end":{"line":1,"column":40}},"1":{"start":{"line":4,"column":18},"end":{"line":4,"column":74}},"2":{"start":{"line":5,"column":2},"end":{"line":17,"column":6}},"3":{"start":{"line":7,"column":6},"end":{"line":9,"column":7}},"4":{"start":{"line":8,"column":8},"end":{"line":8,"column":70}},"5":{"start":{"line":10,"column":6},"end":{"line":10,"column":24}},"6":{"start":{"line":11,"column":6},"end":{"line":11,"column":13}},"7":{"start":{"line":14,"column":6},"end":{"line":16,"column":71}},"8":{"start":{"line":20,"column":0},"end":{"line":20,"column":30}}},"fnMap":{"0":{"name":"getAdmin","decl":{"start":{"line":3,"column":15},"end":{"line":3,"column":23}},"loc":{"start":{"line":3,"column":40},"end":{"line":18,"column":1}},"line":3},"1":{"name":"(anonymous_1)","decl":{"start":{"line":6,"column":10},"end":{"line":6,"column":11}},"loc":{"start":{"line":6,"column":21},"end":{"line":12,"column":5}},"line":6},"2":{"name":"(anonymous_2)","decl":{"start":{"line":13,"column":11},"end":{"line":13,"column":12}},"loc":{"start":{"line":14,"column":6},"end":{"line":16,"column":71}},"line":14}},"branchMap":{"0":{"loc":{"start":{"line":4,"column":18},"end":{"line":4,"column":74}},"type":"cond-expr","locations":[{"start":{"line":4,"column":37},"end":{"line":4,"column":53}},{"start":{"line":4,"column":56},"end":{"line":4,"column":74}}],"line":4},"1":{"loc":{"start":{"line":7,"column":6},"end":{"line":9,"column":7}},"type":"if","locations":[{"start":{"line":7,"column":6},"end":{"line":9,"column":7}},{"start":{"line":7,"column":6},"end":{"line":9,"column":7}}],"line":7}},"s":{"0":1,"1":0,"2":0,"3":0,"4":0,"5":0,"6":0,"7":0,"8":1},"f":{"0":0,"1":0,"2":0},"b":{"0":[0,0],"1":[0,0]},"_coverageSchema":"1a1c01bbd47fc00a2c39e90264f33305004495a9","hash":"b85a972442569cddb557985fdedc512db7e6cf48"}
,"/home/tanmoy/Desktop/OnparLabsBE/models/Admin.js": {"path":"/home/tanmoy/Desktop/OnparLabsBE/models/Admin.js","statementMap":{"0":{"start":{"line":1,"column":17},"end":{"line":1,"column":36}},"1":{"start":{"line":3,"column":20},"end":{"line":27,"column":2}},"2":{"start":{"line":29,"column":0},"end":{"line":29,"column":54}}},"fnMap":{},"branchMap":{},"s":{"0":1,"1":1,"2":1},"f":{},"b":{},"_coverageSchema":"1a1c01bbd47fc00a2c39e90264f33305004495a9","hash":"fbfef2dc9be5ed327a9bcddf9c4141da541283b4"}
,"/home/tanmoy/Desktop/OnparLabsBE/routes/AdminsRouter.js": {"path":"/home/tanmoy/Desktop/OnparLabsBE/routes/AdminsRouter.js","statementMap":{"0":{"start":{"line":1,"column":16},"end":{"line":1,"column":34}},"1":{"start":{"line":2,"column":15},"end":{"line":2,"column":31}},"2":{"start":{"line":3,"column":14},"end":{"line":3,"column":40}},"3":{"start":{"line":4,"column":21},"end":{"line":4,"column":54}},"4":{"start":{"line":7,"column":0},"end":{"line":11,"column":3}},"5":{"start":{"line":8,"column":2},"end":{"line":10,"column":68}},"6":{"start":{"line":9,"column":22},"end":{"line":9,"column":38}},"7":{"start":{"line":10,"column":20},"end":{"line":10,"column":66}},"8":{"start":{"line":14,"column":0},"end":{"line":16,"column":3}},"9":{"start":{"line":15,"column":2},"end":{"line":15,"column":22}},"10":{"start":{"line":20,"column":16},"end":{"line":25,"column":4}},"11":{"start":{"line":26,"column":2},"end":{"line":29,"column":68}},"12":{"start":{"line":28,"column":24},"end":{"line":28,"column":54}},"13":{"start":{"line":29,"column":20},"end":{"line":29,"column":66}},"14":{"start":{"line":31,"column":0},"end":{"line":33,"column":3}},"15":{"start":{"line":32,"column":2},"end":{"line":32,"column":22}},"16":{"start":{"line":36,"column":0},"end":{"line":47,"column":3}},"17":{"start":{"line":37,"column":2},"end":{"line":46,"column":3}},"18":{"start":{"line":38,"column":4},"end":{"line":38,"column":57}},"19":{"start":{"line":38,"column":23},"end":{"line":38,"column":57}},"20":{"start":{"line":39,"column":4},"end":{"line":39,"column":78}},"21":{"start":{"line":39,"column":30},"end":{"line":39,"column":78}},"22":{"start":{"line":40,"column":4},"end":{"line":40,"column":60}},"23":{"start":{"line":40,"column":24},"end":{"line":40,"column":60}},"24":{"start":{"line":41,"column":4},"end":{"line":43,"column":70}},"25":{"start":{"line":42,"column":30},"end":{"line":42,"column":52}},"26":{"start":{"line":43,"column":22},"end":{"line":43,"column":68}},"27":{"start":{"line":45,"column":4},"end":{"line":45,"column":57}},"28":{"start":{"line":50,"column":0},"end":{"line":58,"column":3}},"29":{"start":{"line":51,"column":2},"end":{"line":57,"column":6}},"30":{"start":{"line":52,"column":16},"end":{"line":52,"column":69}},"31":{"start":{"line":54,"column":6},"end":{"line":56,"column":71}},"32":{"start":{"line":60,"column":0},"end":{"line":60,"column":36}}},"fnMap":{"0":{"name":"(anonymous_0)","decl":{"start":{"line":7,"column":16},"end":{"line":7,"column":17}},"loc":{"start":{"line":7,"column":36},"end":{"line":11,"column":1}},"line":7},"1":{"name":"(anonymous_1)","decl":{"start":{"line":9,"column":10},"end":{"line":9,"column":11}},"loc":{"start":{"line":9,"column":22},"end":{"line":9,"column":38}},"line":9},"2":{"name":"(anonymous_2)","decl":{"start":{"line":10,"column":11},"end":{"line":10,"column":12}},"loc":{"start":{"line":10,"column":20},"end":{"line":10,"column":66}},"line":10},"3":{"name":"(anonymous_3)","decl":{"start":{"line":14,"column":34},"end":{"line":14,"column":35}},"loc":{"start":{"line":14,"column":48},"end":{"line":16,"column":1}},"line":14},"4":{"name":"adminCreate","decl":{"start":{"line":19,"column":15},"end":{"line":19,"column":26}},"loc":{"start":{"line":19,"column":35},"end":{"line":30,"column":1}},"line":19},"5":{"name":"(anonymous_5)","decl":{"start":{"line":28,"column":10},"end":{"line":28,"column":11}},"loc":{"start":{"line":28,"column":24},"end":{"line":28,"column":54}},"line":28},"6":{"name":"(anonymous_6)","decl":{"start":{"line":29,"column":11},"end":{"line":29,"column":12}},"loc":{"start":{"line":29,"column":20},"end":{"line":29,"column":66}},"line":29},"7":{"name":"(anonymous_7)","decl":{"start":{"line":31,"column":17},"end":{"line":31,"column":18}},"loc":{"start":{"line":31,"column":30},"end":{"line":33,"column":1}},"line":31},"8":{"name":"(anonymous_8)","decl":{"start":{"line":36,"column":36},"end":{"line":36,"column":37}},"loc":{"start":{"line":36,"column":56},"end":{"line":47,"column":1}},"line":36},"9":{"name":"(anonymous_9)","decl":{"start":{"line":42,"column":12},"end":{"line":42,"column":13}},"loc":{"start":{"line":42,"column":30},"end":{"line":42,"column":52}},"line":42},"10":{"name":"(anonymous_10)","decl":{"start":{"line":43,"column":13},"end":{"line":43,"column":14}},"loc":{"start":{"line":43,"column":22},"end":{"line":43,"column":68}},"line":43},"11":{"name":"(anonymous_11)","decl":{"start":{"line":50,"column":37},"end":{"line":50,"column":38}},"loc":{"start":{"line":50,"column":57},"end":{"line":58,"column":1}},"line":50},"12":{"name":"(anonymous_12)","decl":{"start":{"line":52,"column":10},"end":{"line":52,"column":11}},"loc":{"start":{"line":52,"column":16},"end":{"line":52,"column":69}},"line":52},"13":{"name":"(anonymous_13)","decl":{"start":{"line":53,"column":11},"end":{"line":53,"column":12}},"loc":{"start":{"line":54,"column":6},"end":{"line":56,"column":71}},"line":54}},"branchMap":{"0":{"loc":{"start":{"line":23,"column":17},"end":{"line":23,"column":67}},"type":"cond-expr","locations":[{"start":{"line":23,"column":40},"end":{"line":23,"column":60}},{"start":{"line":23,"column":63},"end":{"line":23,"column":67}}],"line":23},"1":{"loc":{"start":{"line":24,"column":11},"end":{"line":24,"column":49}},"type":"cond-expr","locations":[{"start":{"line":24,"column":28},"end":{"line":24,"column":42}},{"start":{"line":24,"column":45},"end":{"line":24,"column":49}}],"line":24},"2":{"loc":{"start":{"line":37,"column":2},"end":{"line":46,"column":3}},"type":"if","locations":[{"start":{"line":37,"column":2},"end":{"line":46,"column":3}},{"start":{"line":37,"column":2},"end":{"line":46,"column":3}}],"line":37},"3":{"loc":{"start":{"line":38,"column":4},"end":{"line":38,"column":57}},"type":"if","locations":[{"start":{"line":38,"column":4},"end":{"line":38,"column":57}},{"start":{"line":38,"column":4},"end":{"line":38,"column":57}}],"line":38},"4":{"loc":{"start":{"line":39,"column":4},"end":{"line":39,"column":78}},"type":"if","locations":[{"start":{"line":39,"column":4},"end":{"line":39,"column":78}},{"start":{"line":39,"column":4},"end":{"line":39,"column":78}}],"line":39},"5":{"loc":{"start":{"line":40,"column":4},"end":{"line":40,"column":60}},"type":"if","locations":[{"start":{"line":40,"column":4},"end":{"line":40,"column":60}},{"start":{"line":40,"column":4},"end":{"line":40,"column":60}}],"line":40}},"s":{"0":1,"1":1,"2":1,"3":1,"4":1,"5":0,"6":0,"7":0,"8":1,"9":0,"10":0,"11":0,"12":0,"13":0,"14":1,"15":0,"16":1,"17":0,"18":0,"19":0,"20":0,"21":0,"22":0,"23":0,"24":0,"25":0,"26":0,"27":0,"28":1,"29":0,"30":0,"31":0,"32":1},"f":{"0":0,"1":0,"2":0,"3":0,"4":0,"5":0,"6":0,"7":0,"8":0,"9":0,"10":0,"11":0,"12":0,"13":0},"b":{"0":[0,0],"1":[0,0],"2":[0,0],"3":[0,0],"4":[0,0],"5":[0,0]},"_coverageSchema":"1a1c01bbd47fc00a2c39e90264f33305004495a9","hash":"9654a1b5a00740545b9a3c9258263b8b16c679f9"}
}
